Using pre-set license
Built from '2020.3/staging' branch; Version is '2020.3.17f1 (a4537701e4ab) revision 10769271'; Using compiler version '192528614'; Build Type 'Release'
OS: 'Windows 10 Home; OS build 19042.1165; Version 2009; 64bit' Language: 'en' Physical Memory: 16335 MB
BatchMode: 1, IsHumanControllingUs: 0, StartBugReporterOnCrash: 0, Is64bit: 1, IsPro: 0

COMMAND LINE ARGUMENTS:
D:\Program Files (x86)\2020.3.17f1\Editor\Unity.exe
-adb2
-batchMode
-noUpm
-name
AssetImportWorker8
-projectPath
D:/dunno/GitHub/Playing-With-Unity/Playing With Unity
-logFile
Logs/AssetImportWorker8.log
-srvPort
62370
Successfully changed project path to: D:/dunno/GitHub/Playing-With-Unity/Playing With Unity
D:/dunno/GitHub/Playing-With-Unity/Playing With Unity
Using Asset Import Pipeline V2.
Refreshing native plugins compatible for Editor in 61.08 ms, found 0 plugins.
Preloading 0 native plugins for Editor in 0.00 ms.
Initialize engine version: 2020.3.17f1 (a4537701e4ab)
[Subsystems] Discovering subsystems at path D:/Program Files (x86)/2020.3.17f1/Editor/Data/Resources/UnitySubsystems
[Subsystems] Discovering subsystems at path D:/dunno/GitHub/Playing-With-Unity/Playing With Unity/Assets
GfxDevice: creating device client; threaded=0
Direct3D:
    Version:  Direct3D 11.0 [level 11.1]
    Renderer: Radeon RX 590 Series (ID=0x67df)
    Vendor:   
    VRAM:     8171 MB
    Driver:   27.20.1034.6
Initialize mono
Mono path[0] = 'D:/Program Files (x86)/2020.3.17f1/Editor/Data/Managed'
Mono path[1] = 'D:/Program Files (x86)/2020.3.17f1/Editor/Data/MonoBleedingEdge/lib/mono/unityjit'
Mono config path = 'D:/Program Files (x86)/2020.3.17f1/Editor/Data/MonoBleedingEdge/etc'
Using monoOptions --debugger-agent=transport=dt_socket,embedding=1,server=y,suspend=n,address=127.0.0.1:56448
Begin MonoManager ReloadAssembly
Registering precompiled unity dll's ...
Register platform support module: D:/Program Files (x86)/2020.3.17f1/Editor/Data/PlaybackEngines/WindowsStandaloneSupport/UnityEditor.WindowsStandalone.Extensions.dll
Registered in 0.001533 seconds.
Native extension for WindowsStandalone target not found
Refreshing native plugins compatible for Editor in 61.96 ms, found 0 plugins.
Preloading 0 native plugins for Editor in 0.00 ms.
Mono: successfully reloaded assembly
- Completed reload, in  1.503 seconds
Domain Reload Profiling:
	ReloadAssembly (1503ms)
		BeginReloadAssembly (76ms)
			ExecutionOrderSort (0ms)
			DisableScriptedObjects (0ms)
			BackupInstance (0ms)
			ReleaseScriptingObjects (0ms)
			CreateAndSetChildDomain (1ms)
		EndReloadAssembly (494ms)
			LoadAssemblies (75ms)
			RebuildTransferFunctionScriptingTraits (0ms)
			SetupTypeCache (174ms)
			ReleaseScriptCaches (0ms)
			RebuildScriptCaches (37ms)
			SetupLoadedEditorAssemblies (204ms)
				LogAssemblyErrors (0ms)
				InitializePlatformSupportModulesInManaged (5ms)
				SetLoadedEditorAssemblies (0ms)
				RefreshPlugins (62ms)
				BeforeProcessingInitializeOnLoad (14ms)
				ProcessInitializeOnLoadAttributes (90ms)
				ProcessInitializeOnLoadMethodAttributes (33ms)
				AfterProcessingInitializeOnLoad (0ms)
				EditorAssembliesLoaded (0ms)
			ExecutionOrderSort2 (0ms)
			AwakeInstancesAfterBackupRestoration (0ms)
Platform modules already initialized, skipping
Registering precompiled user dll's ...
Registered in 0.003543 seconds.
Begin MonoManager ReloadAssembly
Native extension for WindowsStandalone target not found
Refreshing native plugins compatible for Editor in 63.58 ms, found 0 plugins.
Preloading 0 native plugins for Editor in 0.00 ms.
Find all reader and writers took 116 milliseconds
Script Module: UnityEngine.UI.dll
Weave behaviours and messages took 77 milliseconds
Find all reader and writers took 91 milliseconds
Script Module: Unity.RenderPipelines.Core.Runtime.dll
Weave behaviours and messages took 63 milliseconds
Find all reader and writers took 91 milliseconds
Script Module: UnityEngine.TestRunner.dll
Weave behaviours and messages took 22 milliseconds
Find all reader and writers took 88 milliseconds
Script Module: Unity.Mathematics.dll
Weave behaviours and messages took 164 milliseconds
Find all reader and writers took 77 milliseconds
Script Module: SimpleWebTransport.dll
Weave behaviours and messages took 8 milliseconds
Find all reader and writers took 108 milliseconds
Script Module: Unity.RenderPipelines.Universal.Runtime.dll
Weave behaviours and messages took 64 milliseconds
Find all reader and writers took 109 milliseconds
Script Module: Unity.TextMeshPro.dll
Weave behaviours and messages took 74 milliseconds
Find all reader and writers took 87 milliseconds
Script Module: Unity.Polybrush.dll
Weave behaviours and messages took 6 milliseconds
Find all reader and writers took 85 milliseconds
Script Module: Unity.ProBuilder.Poly2Tri.dll
Weave behaviours and messages took 5 milliseconds
Find all reader and writers took 90 milliseconds
Script Module: Unity.Timeline.dll
Weave behaviours and messages took 36 milliseconds
Find all reader and writers took 91 milliseconds
Script Module: Unity.ProBuilder.dll
Weave behaviours and messages took 63 milliseconds
Find all reader and writers took 93 milliseconds
Script Module: Telepathy.dll
Weave behaviours and messages took 2 milliseconds
Find all reader and writers took 88 milliseconds
Script Module: Unity.ProBuilder.Csg.dll
Weave behaviours and messages took 2 milliseconds
Find all reader and writers took 83 milliseconds
Script Module: kcp2k.dll
Weave behaviours and messages took 3 milliseconds
Find all reader and writers took 85 milliseconds
Script Module: where-allocations.dll
Weave behaviours and messages took 0 milliseconds
Find all reader and writers took 84 milliseconds
Script Module: Unity.ProBuilder.KdTree.dll
Weave behaviours and messages took 3 milliseconds
Find all reader and writers took 85 milliseconds
Script Module: Unity.RenderPipelines.Core.ShaderLibrary.dll
Weave behaviours and messages took 0 milliseconds
Find all reader and writers took 85 milliseconds
Script Module: Unity.RenderPipeline.Universal.ShaderLibrary.dll
Weave behaviours and messages took 0 milliseconds
Find all reader and writers took 88 milliseconds
Script Module: Unity.ProBuilder.Stl.dll
Weave behaviours and messages took 1 milliseconds
Find all reader and writers took 86 milliseconds
Script Module: Unity.RenderPipelines.Universal.Shaders.dll
Weave behaviours and messages took 0 milliseconds
Find all reader and writers took 87 milliseconds
Script Module: Unity.RenderPipelines.ShaderGraph.ShaderGraphLibrary.dll
Weave behaviours and messages took 0 milliseconds
Find all reader and writers took 114 milliseconds
Script Module: UnityEditor.TestRunner.dll
Weave behaviours and messages took 38 milliseconds
Find all reader and writers took 121 milliseconds
Script Module: Unity.ProBuilder.AssetIdRemapUtility.dll
Weave behaviours and messages took 6 milliseconds
Find all reader and writers took 89 milliseconds
Script Module: Mirror.CompilerSymbols.dll
Weave behaviours and messages took 0 milliseconds
Find all reader and writers took 112 milliseconds
Script Module: UnityEditor.UI.dll
Weave behaviours and messages took 11 milliseconds
Find all reader and writers took 104 milliseconds
Script Module: Unity.ShaderGraph.Utilities.dll
Weave behaviours and messages took 0 milliseconds
Mono: successfully reloaded assembly
- Completed reload, in  8.783 seconds
Domain Reload Profiling:
	ReloadAssembly (8784ms)
		BeginReloadAssembly (182ms)
			ExecutionOrderSort (0ms)
			DisableScriptedObjects (6ms)
			BackupInstance (0ms)
			ReleaseScriptingObjects (0ms)
			CreateAndSetChildDomain (21ms)
		EndReloadAssembly (8535ms)
			LoadAssemblies (131ms)
			RebuildTransferFunctionScriptingTraits (0ms)
			SetupTypeCache (305ms)
			ReleaseScriptCaches (1ms)
			RebuildScriptCaches (70ms)
			SetupLoadedEditorAssemblies (7904ms)
				LogAssemblyErrors (0ms)
				InitializePlatformSupportModulesInManaged (4ms)
				SetLoadedEditorAssemblies (0ms)
				RefreshPlugins (64ms)
				BeforeProcessingInitializeOnLoad (96ms)
				ProcessInitializeOnLoadAttributes (124ms)
				ProcessInitializeOnLoadMethodAttributes (7612ms)
				AfterProcessingInitializeOnLoad (4ms)
				EditorAssembliesLoaded (0ms)
			ExecutionOrderSort2 (0ms)
			AwakeInstancesAfterBackupRestoration (8ms)
Platform modules already initialized, skipping
